<?xml version="1.0" encoding="UTF-8"?>
<!-- Generated by org.testng.reporters.JUnitReportReporter -->
<testsuite hostname="DESKTOP-EG5QUVK" failures="0" tests="1" name="prjg.Nclass" time="9.254" errors="0" timestamp="2022-12-11T01:49:36 CST" skipped="0">
  <testcase classname="prjg.Nclass" name="logintest" time="9.254"/>
  <system-out/>
</testsuite> <!-- prjg.Nclass -->
